<?xml version="1.0" encoding="UTF-8"?>
<testsuite name="com.logicademia.api.ApiApplicationTests" tests="1" skipped="0" failures="0" errors="0" timestamp="2026-03-06T07:46:57.382Z" hostname="kims-MacBook-Pro.local" time="1.875">
  <properties/>
  <testcase name="contextLoads()" classname="com.logicademia.api.ApiApplicationTests" time="0.306"/>
  <system-out><![CDATA[16:46:57.453 [Test worker] INFO org.springframework.test.context.support.AnnotationConfigContextLoaderUtils -- Could not detect default configuration classes for test class [com.logicademia.api.ApiApplicationTests]: ApiApplicationTests does not declare any static, non-private, non-final, nested classes annotated with @Configuration.
16:46:57.500 [Test worker] INFO org.springframework.boot.test.context.SpringBootTestContextBootstrapper -- Found @SpringBootConfiguration com.logicademia.api.ApiApplication for test class com.logicademia.api.ApiApplicationTests

  .   ____          _            __ _ _
 /\\ / ___'_ __ _ _(_)_ __  __ _ \ \ \ \
( ( )\___ | '_ | '_| | '_ \/ _` | \ \ \ \
 \\/  ___)| |_)| | | | | || (_| |  ) ) ) )
  '  |____| .__|_| |_|_| |_\__, | / / / /
 =========|_|==============|___/=/_/_/_/

 :: Spring Boot ::                (v4.0.3)

2026-03-06T16:46:57.688+09:00  INFO 9725 --- [api] [    Test worker] c.logicademia.api.ApiApplicationTests    : Starting ApiApplicationTests using Java 21.0.6 with PID 9725 (started by kimminseok in /Users/kimminseok/IdeaProjects/course-hub)
2026-03-06T16:46:57.689+09:00  INFO 9725 --- [api] [    Test worker] c.logicademia.api.ApiApplicationTests    : No active profile set, falling back to 1 default profile: "default"
2026-03-06T16:46:57.916+09:00  INFO 9725 --- [api] [    Test worker] .s.d.r.c.RepositoryConfigurationDelegate : Bootstrapping Spring Data JPA repositories in DEFAULT mode.
2026-03-06T16:46:57.925+09:00  INFO 9725 --- [api] [    Test worker] .s.d.r.c.RepositoryConfigurationDelegate : Finished Spring Data repository scanning in 5 ms. Found 0 JPA repository interfaces.
2026-03-06T16:46:58.082+09:00  INFO 9725 --- [api] [    Test worker] org.hibernate.orm.jpa                    : HHH008540: Processing PersistenceUnitInfo [name: default]
2026-03-06T16:46:58.105+09:00  INFO 9725 --- [api] [    Test worker] org.hibernate.orm.core                   : HHH000001: Hibernate ORM core version 7.2.4.Final
2026-03-06T16:46:58.285+09:00  INFO 9725 --- [api] [    Test worker] o.s.o.j.p.SpringPersistenceUnitInfo      : No LoadTimeWeaver setup: ignoring JPA class transformer
2026-03-06T16:46:58.301+09:00  INFO 9725 --- [api] [    Test worker] com.zaxxer.hikari.HikariDataSource       : HikariPool-1 - Starting...
2026-03-06T16:46:58.494+09:00  INFO 9725 --- [api] [    Test worker] com.zaxxer.hikari.pool.HikariPool        : HikariPool-1 - Added connection com.mysql.cj.jdbc.ConnectionImpl@eddc9bb
2026-03-06T16:46:58.495+09:00  INFO 9725 --- [api] [    Test worker] com.zaxxer.hikari.HikariDataSource       : HikariPool-1 - Start completed.
2026-03-06T16:46:58.540+09:00  INFO 9725 --- [api] [    Test worker] org.hibernate.orm.connections.pooling    : HHH10001005: Database info:
	Database JDBC URL [jdbc:mysql://localhost:3306/logicademia_test?useUnicode=true&serverTimezone=Asia/Seoul]
	Database driver: MySQL Connector/J
	Database dialect: MySQLDialect
	Database version: 9.3
	Default catalog/schema: logicademia_test/undefined
	Autocommit mode: undefined/unknown
	Isolation level: REPEATABLE_READ [default REPEATABLE_READ]
	JDBC fetch size: none
	Pool: DataSourceConnectionProvider
	Minimum pool size: undefined/unknown
	Maximum pool size: undefined/unknown
2026-03-06T16:46:58.712+09:00  INFO 9725 --- [api] [    Test worker] org.hibernate.orm.core                   : HHH000489: No JTA platform available (set 'hibernate.transaction.jta.platform' to enable JTA platform integration)
2026-03-06T16:46:58.717+09:00  INFO 9725 --- [api] [    Test worker] j.LocalContainerEntityManagerFactoryBean : Initialized JPA EntityManagerFactory for persistence unit 'default'
2026-03-06T16:46:58.946+09:00  INFO 9725 --- [api] [    Test worker] c.logicademia.api.ApiApplicationTests    : Started ApiApplicationTests in 1.383 seconds (process running for 1.929)
]]></system-out>
  <system-err><![CDATA[Mockito is currently self-attaching to enable the inline-mock-maker. This will no longer work in future releases of the JDK. Please add Mockito as an agent to your build as described in Mockito's documentation: https://javadoc.io/doc/org.mockito/mockito-core/latest/org.mockito/org/mockito/Mockito.html#0.3
WARNING: A Java agent has been loaded dynamically (/Users/kimminseok/.gradle/caches/modules-2/files-2.1/net.bytebuddy/byte-buddy-agent/1.17.8/f09415827a71be7ed621c7bd02550678f28bc81c/byte-buddy-agent-1.17.8.jar)
WARNING: If a serviceability tool is in use, please run with -XX:+EnableDynamicAgentLoading to hide this warning
WARNING: If a serviceability tool is not in use, please run with -Djdk.instrument.traceUsage for more information
WARNING: Dynamic loading of agents will be disallowed by default in a future release
]]></system-err>
</testsuite>
